[CLI] loading tests/data/mixed_case.obj
[PIPELINE] pre-cleanup: V 7 -> 6, F 3 -> 2, eps_v_abs=3.4641016151377544e-09
[CGAL] exec: build/cgal/check_self_intersections tests/out_cli/mixed_case/mixed_case_work/pre_cleanup.obj
[CGAL][stdout]
self_intersect=1
count=1
[PIPELINE] pre-check: self_intersect=1 count=1
[CGAL] exec: build/cgal/autorefine_obj tests/out_cli/mixed_case/mixed_case_work/pre_cleanup.obj tests/out_cli/mixed_case/mixed_case_work/refined.obj --snap_grid_size 23 --number_of_iterations 5
[CGAL][stdout]
input_self_intersect=1
input_points=6
input_triangles=2
autorefine_success=1
output_self_intersect=0
output_points=7
output_triangles=7
[PIPELINE] CGAL autorefine produced V=7, F=7
[PIPELINE] post-cleanup: V 7 -> 7, F 7 -> 7
[CGAL] exec: build/cgal/check_self_intersections tests/out_cli/mixed_case/mixed_case_work/post_cleanup.obj
[CGAL][stdout]
self_intersect=0
count=0
[PIPELINE] post-check: self_intersect=0 count=0
[CLI] wrote tests/out_cli/mixed_case/mixed_case_repaired.obj
