-- Trying vendored CGAL from /mnt/data/assembly-mesh-repair/cgal_bridge/../third_party/CGAL-6.1.1
-- Targeting Unix Makefiles
-- Using /usr/bin/c++ compiler.
-- Boost include dirs: /usr/include
-- Boost libraries:    
-- Using gcc version 4 or later. Adding -frounding-math
-- Using CGAL 6.1.1
-- Configuring done (0.1s)
-- Generating done (0.0s)
-- Build files have been written to: /mnt/data/assembly-mesh-repair/build/cgal
[ 50%] Built target check_self_intersections
[100%] Built target autorefine_obj
test_clean_tri_remains_clean (tests.test_python_cleanup.PythonCleanupTests.test_clean_tri_remains_clean) ... ok
test_dup_vertex_collapses_to_single_triangle (tests.test_python_cleanup.PythonCleanupTests.test_dup_vertex_collapses_to_single_triangle) ... ok
test_mixed_case_precleanup_only_removes_duplicate_triangle (tests.test_python_cleanup.PythonCleanupTests.test_mixed_case_precleanup_only_removes_duplicate_triangle) ... ok

----------------------------------------------------------------------
Ran 3 tests in 0.003s

OK
self_intersect=0
count=0
self_intersect=1
count=1
pair=1,0
self_intersect=1
count=1
pair=0,1
self_intersect=1
count=3
pair=0,2
pair=0,1
pair=2,1
self_intersect=1
count=3
pair=0,2
pair=1,0
pair=1,2
[CLI] loading tests/data/clean_tri.obj
[PIPELINE] pre-cleanup: V 3 -> 3, F 1 -> 1, eps_v_abs=1.4142135623730953e-09
[CGAL] exec: build/cgal/check_self_intersections tests/out/minimal_suite/clean_tri_work/pre_cleanup.obj
[CGAL][stdout]
self_intersect=0
count=0
[PIPELINE] pre-check: self_intersect=0 count=0
[PIPELINE] post-cleanup: V 3 -> 3, F 1 -> 1
[CGAL] exec: build/cgal/check_self_intersections tests/out/minimal_suite/clean_tri_work/post_cleanup.obj
[CGAL][stdout]
self_intersect=0
count=0
[PIPELINE] post-check: self_intersect=0 count=0
[CLI] wrote tests/out/minimal_suite/clean_tri_repaired.obj
[CLI] loading tests/data/dup_vertex.obj
[PIPELINE] pre-cleanup: V 4 -> 3, F 2 -> 1, eps_v_abs=1.4142135623730953e-09
[CGAL] exec: build/cgal/check_self_intersections tests/out/minimal_suite/dup_vertex_work/pre_cleanup.obj
[CGAL][stdout]
self_intersect=0
count=0
[PIPELINE] pre-check: self_intersect=0 count=0
[PIPELINE] post-cleanup: V 3 -> 3, F 1 -> 1
[CGAL] exec: build/cgal/check_self_intersections tests/out/minimal_suite/dup_vertex_work/post_cleanup.obj
[CGAL][stdout]
self_intersect=0
count=0
[PIPELINE] post-check: self_intersect=0 count=0
[CLI] wrote tests/out/minimal_suite/dup_vertex_repaired.obj
[CLI] loading tests/data/tri_cross.obj
[PIPELINE] pre-cleanup: V 6 -> 6, F 2 -> 2, eps_v_abs=3.4641016151377544e-09
[CGAL] exec: build/cgal/check_self_intersections tests/out/minimal_suite/tri_cross_work/pre_cleanup.obj
[CGAL][stdout]
self_intersect=1
count=1
[PIPELINE] pre-check: self_intersect=1 count=1
[CGAL] exec: build/cgal/autorefine_obj tests/out/minimal_suite/tri_cross_work/pre_cleanup.obj tests/out/minimal_suite/tri_cross_work/refined.obj --snap_grid_size 23 --number_of_iterations 5
[CGAL][stdout]
input_self_intersect=1
input_points=6
input_triangles=2
autorefine_success=1
output_self_intersect=0
output_points=7
output_triangles=7
[PIPELINE] CGAL autorefine produced V=7, F=7
[PIPELINE] post-cleanup: V 7 -> 7, F 7 -> 7
[CGAL] exec: build/cgal/check_self_intersections tests/out/minimal_suite/tri_cross_work/post_cleanup.obj
[CGAL][stdout]
self_intersect=0
count=0
[PIPELINE] post-check: self_intersect=0 count=0
[CLI] wrote tests/out/minimal_suite/tri_cross_repaired.obj
[CLI] loading tests/data/shared_point_multi_intersection.obj
[PIPELINE] pre-cleanup: V 9 -> 9, F 3 -> 3, eps_v_abs=4.6904157598234302e-09
[CGAL] exec: build/cgal/check_self_intersections tests/out/minimal_suite/shared_point_multi_intersection_work/pre_cleanup.obj
[CGAL][stdout]
self_intersect=1
count=3
[PIPELINE] pre-check: self_intersect=1 count=3
[CGAL] exec: build/cgal/autorefine_obj tests/out/minimal_suite/shared_point_multi_intersection_work/pre_cleanup.obj tests/out/minimal_suite/shared_point_multi_intersection_work/refined.obj --snap_grid_size 23 --number_of_iterations 5
[CGAL][stdout]
input_self_intersect=1
input_points=9
input_triangles=3
autorefine_success=1
output_self_intersect=0
output_points=16
output_triangles=24
[PIPELINE] CGAL autorefine produced V=16, F=24
[PIPELINE] post-cleanup: V 16 -> 16, F 24 -> 24
[CGAL] exec: build/cgal/check_self_intersections tests/out/minimal_suite/shared_point_multi_intersection_work/post_cleanup.obj
[CGAL][stdout]
self_intersect=0
count=0
[PIPELINE] post-check: self_intersect=0 count=0
[CLI] wrote tests/out/minimal_suite/shared_point_multi_intersection_repaired.obj
[CLI] loading tests/data/mixed_case.obj
[PIPELINE] pre-cleanup: V 7 -> 6, F 3 -> 2, eps_v_abs=3.4641016151377544e-09
[CGAL] exec: build/cgal/check_self_intersections tests/out/minimal_suite/mixed_case_work/pre_cleanup.obj
[CGAL][stdout]
self_intersect=1
count=1
[PIPELINE] pre-check: self_intersect=1 count=1
[CGAL] exec: build/cgal/autorefine_obj tests/out/minimal_suite/mixed_case_work/pre_cleanup.obj tests/out/minimal_suite/mixed_case_work/refined.obj --snap_grid_size 23 --number_of_iterations 5
[CGAL][stdout]
input_self_intersect=1
input_points=6
input_triangles=2
autorefine_success=1
output_self_intersect=0
output_points=7
output_triangles=7
[PIPELINE] CGAL autorefine produced V=7, F=7
[PIPELINE] post-cleanup: V 7 -> 7, F 7 -> 7
[CGAL] exec: build/cgal/check_self_intersections tests/out/minimal_suite/mixed_case_work/post_cleanup.obj
[CGAL][stdout]
self_intersect=0
count=0
[PIPELINE] post-check: self_intersect=0 count=0
[CLI] wrote tests/out/minimal_suite/mixed_case_repaired.obj
[CLI] wrote report tests/out/minimal_suite/report.json
self_intersect=0
count=0
self_intersect=0
count=0
self_intersect=0
count=0
self_intersect=0
count=0
self_intersect=0
count=0
